# JRE version: Java(TM) SE Runtime Environment (7.0_79-b15) (build 1.7.0_79-b15)
# Java VM: Java HotSpot(TM) 64-Bit Server VM (24.79-b02 mixed mode bsd-amd64 compressed oops)
Heap
 PSYoungGen      total 142848K, used 132507K [0x00000007aaa80000, 0x00000007bc980000, 0x0000000800000000)
  eden space 132096K, 92% used [0x00000007aaa80000,0x00000007b216d450,0x00000007b2b80000)
  from space 10752K, 99% used [0x00000007b2b80000,0x00000007b35f9b90,0x00000007b3600000)
  to   space 14848K, 0% used [0x00000007bbb00000,0x00000007bbb00000,0x00000007bc980000)
 ParOldGen       total 174592K, used 11678K [0x0000000700000000, 0x000000070aa80000, 0x00000007aaa80000)
  object space 174592K, 6% used [0x0000000700000000,0x0000000700b67b98,0x000000070aa80000)
 PSPermGen       total 21504K, used 19363K [0x00000006fae00000, 0x00000006fc300000, 0x0000000700000000)
  object space 21504K, 90% used [0x00000006fae00000,0x00000006fc0e8ff8,0x00000006fc300000)
GC Heap History (10 events):
Event: 3.827 GC heap before
{Heap before GC invocations=1 (full 0):
 PSYoungGen      total 76800K, used 66048K [0x00000007aaa80000, 0x00000007b0000000, 0x0000000800000000)
  eden space 66048K, 100% used [0x00000007aaa80000,0x00000007aeb00000,0x00000007aeb00000)
  from space 10752K, 0% used [0x00000007af580000,0x00000007af580000,0x00000007b0000000)
  to   space 10752K, 0% used [0x00000007aeb00000,0x00000007aeb00000,0x00000007af580000)
 ParOldGen       total 174592K, used 0K [0x0000000700000000, 0x000000070aa80000, 0x00000007aaa80000)
  object space 174592K, 0% used [0x0000000700000000,0x0000000700000000,0x000000070aa80000)
 PSPermGen       total 21504K, used 16375K [0x00000006fae00000, 0x00000006fc300000, 0x0000000700000000)
  object space 21504K, 76% used [0x00000006fae00000,0x00000006fbdfdf58,0x00000006fc300000)
Event: 3.861 GC heap after
Heap after GC invocations=1 (full 0):
 PSYoungGen      total 76800K, used 10722K [0x00000007aaa80000, 0x00000007b0000000, 0x0000000800000000)
  eden space 66048K, 0% used [0x00000007aaa80000,0x00000007aaa80000,0x00000007aeb00000)
  from space 10752K, 99% used [0x00000007aeb00000,0x00000007af578810,0x00000007af580000)
  to   space 10752K, 0% used [0x00000007af580000,0x00000007af580000,0x00000007b0000000)
 ParOldGen       total 174592K, used 2186K [0x0000000700000000, 0x000000070aa80000, 0x00000007aaa80000)
  object space 174592K, 1% used [0x0000000700000000,0x0000000700222960,0x000000070aa80000)
 PSPermGen       total 21504K, used 16375K [0x00000006fae00000, 0x00000006fc300000, 0x0000000700000000)
  object space 21504K, 76% used [0x00000006fae00000,0x00000006fbdfdf58,0x00000006fc300000)
}
Event: 5.573 GC heap before
{Heap before GC invocations=2 (full 0):
 PSYoungGen      total 76800K, used 76770K [0x00000007aaa80000, 0x00000007b0000000, 0x0000000800000000)
  eden space 66048K, 100% used [0x00000007aaa80000,0x00000007aeb00000,0x00000007aeb00000)
  from space 10752K, 99% used [0x00000007aeb00000,0x00000007af578810,0x00000007af580000)
  to   space 10752K, 0% used [0x00000007af580000,0x00000007af580000,0x00000007b0000000)
 ParOldGen       total 174592K, used 2186K [0x0000000700000000, 0x000000070aa80000, 0x00000007aaa80000)
  object space 174592K, 1% used [0x0000000700000000,0x0000000700222960,0x000000070aa80000)
 PSPermGen       total 21504K, used 18827K [0x00000006fae00000, 0x00000006fc300000, 0x0000000700000000)
  object space 21504K, 87% used [0x00000006fae00000,0x00000006fc062d30,0x00000006fc300000)
Event: 5.602 GC heap after
Heap after GC invocations=2 (full 0):
 PSYoungGen      total 76800K, used 10750K [0x00000007aaa80000, 0x00000007b4080000, 0x0000000800000000)
  eden space 66048K, 0% used [0x00000007aaa80000,0x00000007aaa80000,0x00000007aeb00000)
  from space 10752K, 99% used [0x00000007af580000,0x00000007affffb70,0x00000007b0000000)
  to   space 10752K, 0% used [0x00000007aeb00000,0x00000007aeb00000,0x00000007af580000)
 ParOldGen       total 174592K, used 4850K [0x0000000700000000, 0x000000070aa80000, 0x00000007aaa80000)
  object space 174592K, 2% used [0x0000000700000000,0x00000007004bc9e8,0x000000070aa80000)
 PSPermGen       total 21504K, used 18827K [0x00000006fae00000, 0x00000006fc300000, 0x0000000700000000)
  object space 21504K, 87% used [0x00000006fae00000,0x00000006fc062d30,0x00000006fc300000)
}
Event: 7.024 GC heap before
{Heap before GC invocations=3 (full 0):
 PSYoungGen      total 76800K, used 76798K [0x00000007aaa80000, 0x00000007b4080000, 0x0000000800000000)
  eden space 66048K, 100% used [0x00000007aaa80000,0x00000007aeb00000,0x00000007aeb00000)
  from space 10752K, 99% used [0x00000007af580000,0x00000007affffb70,0x00000007b0000000)
  to   space 10752K, 0% used [0x00000007aeb00000,0x00000007aeb00000,0x00000007af580000)
 ParOldGen       total 174592K, used 4850K [0x0000000700000000, 0x000000070aa80000, 0x00000007aaa80000)
  object space 174592K, 2% used [0x0000000700000000,0x00000007004bc9e8,0x000000070aa80000)
 PSPermGen       total 21504K, used 18982K [0x00000006fae00000, 0x00000006fc300000, 0x0000000700000000)
  object space 21504K, 88% used [0x00000006fae00000,0x00000006fc089be0,0x00000006fc300000)
Event: 7.045 GC heap after
Heap after GC invocations=3 (full 0):
 PSYoungGen      total 76800K, used 10726K [0x00000007aaa80000, 0x00000007b4080000, 0x0000000800000000)
  eden space 66048K, 0% used [0x00000007aaa80000,0x00000007aaa80000,0x00000007aeb00000)
  from space 10752K, 99% used [0x00000007aeb00000,0x00000007af579bb0,0x00000007af580000)
  to   space 10752K, 0% used [0x00000007b3600000,0x00000007b3600000,0x00000007b4080000)
 ParOldGen       total 174592K, used 6590K [0x0000000700000000, 0x000000070aa80000, 0x00000007aaa80000)
  object space 174592K, 3% used [0x0000000700000000,0x000000070066fba0,0x000000070aa80000)
 PSPermGen       total 21504K, used 18982K [0x00000006fae00000, 0x00000006fc300000, 0x0000000700000000)
  object space 21504K, 88% used [0x00000006fae00000,0x00000006fc089be0,0x00000006fc300000)
}
Event: 8.136 GC heap before
{Heap before GC invocations=4 (full 0):
 PSYoungGen      total 76800K, used 75833K [0x00000007aaa80000, 0x00000007b4080000, 0x0000000800000000)
  eden space 66048K, 98% used [0x00000007aaa80000,0x00000007aea148f8,0x00000007aeb00000)
  from space 10752K, 99% used [0x00000007aeb00000,0x00000007af579bb0,0x00000007af580000)
  to   space 10752K, 0% used [0x00000007b3600000,0x00000007b3600000,0x00000007b4080000)
 ParOldGen       total 174592K, used 6590K [0x0000000700000000, 0x000000070aa80000, 0x00000007aaa80000)
  object space 174592K, 3% used [0x0000000700000000,0x000000070066fba0,0x000000070aa80000)
 PSPermGen       total 21504K, used 19078K [0x00000006fae00000, 0x00000006fc300000, 0x0000000700000000)
  object space 21504K, 88% used [0x00000006fae00000,0x00000006fc0a19c8,0x00000006fc300000)
Event: 8.159 GC heap after
Heap after GC invocations=4 (full 0):
 PSYoungGen      total 142848K, used 10726K [0x00000007aaa80000, 0x00000007b4080000, 0x0000000800000000)
  eden space 132096K, 0% used [0x00000007aaa80000,0x00000007aaa80000,0x00000007b2b80000)
  from space 10752K, 99% used [0x00000007b3600000,0x00000007b4079bb0,0x00000007b4080000)
  to   space 10752K, 0% used [0x00000007b2b80000,0x00000007b2b80000,0x00000007b3600000)
 ParOldGen       total 174592K, used 8076K [0x0000000700000000, 0x000000070aa80000, 0x00000007aaa80000)
  object space 174592K, 4% used [0x0000000700000000,0x00000007007e3178,0x000000070aa80000)
 PSPermGen       total 21504K, used 19078K [0x00000006fae00000, 0x00000006fc300000, 0x0000000700000000)
  object space 21504K, 88% used [0x00000006fae00000,0x00000006fc0a19c8,0x00000006fc300000)
}
Event: 10.081 GC heap before
{Heap before GC invocations=5 (full 0):
 PSYoungGen      total 142848K, used 142822K [0x00000007aaa80000, 0x00000007b4080000, 0x0000000800000000)
  eden space 132096K, 100% used [0x00000007aaa80000,0x00000007b2b80000,0x00000007b2b80000)
  from space 10752K, 99% used [0x00000007b3600000,0x00000007b4079bb0,0x00000007b4080000)
  to   space 10752K, 0% used [0x00000007b2b80000,0x00000007b2b80000,0x00000007b3600000)
 ParOldGen       total 174592K, used 8076K [0x0000000700000000, 0x000000070aa80000, 0x00000007aaa80000)
  object space 174592K, 4% used [0x0000000700000000,0x00000007007e3178,0x000000070aa80000)
 PSPermGen       total 21504K, used 19288K [0x00000006fae00000, 0x00000006fc300000, 0x0000000700000000)
  object space 21504K, 89% used [0x00000006fae00000,0x00000006fc0d6218,0x00000006fc300000)
Event: 10.111 GC heap after
Heap after GC invocations=5 (full 0):
 PSYoungGen      total 142848K, used 10726K [0x00000007aaa80000, 0x00000007bc980000, 0x0000000800000000)
  eden space 132096K, 0% used [0x00000007aaa80000,0x00000007aaa80000,0x00000007b2b80000)
  from space 10752K, 99% used [0x00000007b2b80000,0x00000007b35f9b90,0x00000007b3600000)
  to   space 14848K, 0% used [0x00000007bbb00000,0x00000007bbb00000,0x00000007bc980000)
 ParOldGen       total 174592K, used 11678K [0x0000000700000000, 0x000000070aa80000, 0x00000007aaa80000)
  object space 174592K, 6% used [0x0000000700000000,0x0000000700b67b98,0x000000070aa80000)
 PSPermGen       total 21504K, used 19288K [0x00000006fae00000, 0x00000006fc300000, 0x0000000700000000)
  object space 21504K, 89% used [0x00000006fae00000,0x00000006fc0d6218,0x00000006fc300000)
}

